Analysis & Elaboration report for inverted_residual_block
Sun Jul 19 11:01:07 2020
Quartus Prime Version 18.1.0 Build 625 09/12/2018 SJ Lite Edition


---------------------
; Table of Contents ;
---------------------
  1. Legal Notice
  2. Analysis & Elaboration Summary
  3. Parallel Compilation
  4. Analysis & Elaboration Settings
  5. Analysis & Elaboration Messages
  6. Analysis & Elaboration Suppressed Messages



----------------
; Legal Notice ;
----------------
Copyright (C) 2018  Intel Corporation. All rights reserved.
Your use of Intel Corporation's design tools, logic functions 
and other software and tools, and its AMPP partner logic 
functions, and any output files from any of the foregoing 
(including device programming or simulation files), and any 
associated documentation or information are expressly subject 
to the terms and conditions of the Intel Program License 
Subscription Agreement, the Intel Quartus Prime License Agreement,
the Intel FPGA IP License Agreement, or other applicable license
agreement, including, without limitation, that your use is for
the sole purpose of programming logic devices manufactured by
Intel and sold by Intel or its authorized distributors.  Please
refer to the applicable agreement for further details.



+-----------------------------------------------------------------------------+
; Analysis & Elaboration Summary                                              ;
+-------------------------------+---------------------------------------------+
; Analysis & Elaboration Status ; Successful - Sun Jul 19 11:01:07 2020       ;
; Quartus Prime Version         ; 18.1.0 Build 625 09/12/2018 SJ Lite Edition ;
; Revision Name                 ; inverted_residual_block                     ;
; Top-level Entity Name         ; DMA                                         ;
; Family                        ; Cyclone V                                   ;
; Logic utilization (in ALMs)   ; N/A until Partition Merge                   ;
; Total registers               ; N/A until Partition Merge                   ;
; Total pins                    ; N/A until Partition Merge                   ;
; Total virtual pins            ; N/A until Partition Merge                   ;
; Total block memory bits       ; N/A until Partition Merge                   ;
; Total PLLs                    ; N/A until Partition Merge                   ;
; Total DLLs                    ; N/A until Partition Merge                   ;
+-------------------------------+---------------------------------------------+


+------------------------------------------+
; Parallel Compilation                     ;
+----------------------------+-------------+
; Processors                 ; Number      ;
+----------------------------+-------------+
; Number detected on machine ; 8           ;
; Maximum allowed            ; 8           ;
;                            ;             ;
; Average used               ; 1.00        ;
; Maximum used               ; 1           ;
;                            ;             ;
; Usage by Processor         ; % Time Used ;
;     Processor 1            ; 100.0%      ;
+----------------------------+-------------+


+--------------------------------------------------------------------------------------------------------------------------------+
; Analysis & Elaboration Settings                                                                                                ;
+---------------------------------------------------------------------------------+--------------------+-------------------------+
; Option                                                                          ; Setting            ; Default Value           ;
+---------------------------------------------------------------------------------+--------------------+-------------------------+
; Device                                                                          ; 5CSEBA5U23I7S      ;                         ;
; Top-level entity name                                                           ; DMA                ; inverted_residual_block ;
; Family name                                                                     ; Cyclone V          ; Cyclone V               ;
; Use smart compilation                                                           ; Off                ; Off                     ;
; Enable parallel Assembler and Timing Analyzer during compilation                ; On                 ; On                      ;
; Enable compact report table                                                     ; Off                ; Off                     ;
; Restructure Multiplexers                                                        ; Auto               ; Auto                    ;
; MLAB Add Timing Constraints For Mixed-Port Feed-Through Mode Setting Don't Care ; Off                ; Off                     ;
; Create Debugging Nodes for IP Cores                                             ; Off                ; Off                     ;
; Preserve fewer node names                                                       ; On                 ; On                      ;
; Intel FPGA IP Evaluation Mode                                                   ; Enable             ; Enable                  ;
; Verilog Version                                                                 ; Verilog_2001       ; Verilog_2001            ;
; VHDL Version                                                                    ; VHDL_1993          ; VHDL_1993               ;
; State Machine Processing                                                        ; Auto               ; Auto                    ;
; Safe State Machine                                                              ; Off                ; Off                     ;
; Extract Verilog State Machines                                                  ; On                 ; On                      ;
; Extract VHDL State Machines                                                     ; On                 ; On                      ;
; Ignore Verilog initial constructs                                               ; Off                ; Off                     ;
; Iteration limit for constant Verilog loops                                      ; 5000               ; 5000                    ;
; Iteration limit for non-constant Verilog loops                                  ; 250                ; 250                     ;
; Add Pass-Through Logic to Inferred RAMs                                         ; On                 ; On                      ;
; Infer RAMs from Raw Logic                                                       ; On                 ; On                      ;
; Parallel Synthesis                                                              ; On                 ; On                      ;
; DSP Block Balancing                                                             ; Auto               ; Auto                    ;
; NOT Gate Push-Back                                                              ; On                 ; On                      ;
; Power-Up Don't Care                                                             ; On                 ; On                      ;
; Remove Redundant Logic Cells                                                    ; Off                ; Off                     ;
; Remove Duplicate Registers                                                      ; On                 ; On                      ;
; Ignore CARRY Buffers                                                            ; Off                ; Off                     ;
; Ignore CASCADE Buffers                                                          ; Off                ; Off                     ;
; Ignore GLOBAL Buffers                                                           ; Off                ; Off                     ;
; Ignore ROW GLOBAL Buffers                                                       ; Off                ; Off                     ;
; Ignore LCELL Buffers                                                            ; Off                ; Off                     ;
; Ignore SOFT Buffers                                                             ; On                 ; On                      ;
; Limit AHDL Integers to 32 Bits                                                  ; Off                ; Off                     ;
; Optimization Technique                                                          ; Balanced           ; Balanced                ;
; Carry Chain Length                                                              ; 70                 ; 70                      ;
; Auto Carry Chains                                                               ; On                 ; On                      ;
; Auto Open-Drain Pins                                                            ; On                 ; On                      ;
; Perform WYSIWYG Primitive Resynthesis                                           ; Off                ; Off                     ;
; Auto ROM Replacement                                                            ; On                 ; On                      ;
; Auto RAM Replacement                                                            ; On                 ; On                      ;
; Auto DSP Block Replacement                                                      ; On                 ; On                      ;
; Auto Shift Register Replacement                                                 ; Auto               ; Auto                    ;
; Allow Shift Register Merging across Hierarchies                                 ; Auto               ; Auto                    ;
; Auto Clock Enable Replacement                                                   ; On                 ; On                      ;
; Strict RAM Replacement                                                          ; Off                ; Off                     ;
; Allow Synchronous Control Signals                                               ; On                 ; On                      ;
; Force Use of Synchronous Clear Signals                                          ; Off                ; Off                     ;
; Auto Resource Sharing                                                           ; Off                ; Off                     ;
; Allow Any RAM Size For Recognition                                              ; Off                ; Off                     ;
; Allow Any ROM Size For Recognition                                              ; Off                ; Off                     ;
; Allow Any Shift Register Size For Recognition                                   ; Off                ; Off                     ;
; Use LogicLock Constraints during Resource Balancing                             ; On                 ; On                      ;
; Ignore translate_off and synthesis_off directives                               ; Off                ; Off                     ;
; Timing-Driven Synthesis                                                         ; On                 ; On                      ;
; Report Parameter Settings                                                       ; On                 ; On                      ;
; Report Source Assignments                                                       ; On                 ; On                      ;
; Report Connectivity Checks                                                      ; On                 ; On                      ;
; Ignore Maximum Fan-Out Assignments                                              ; Off                ; Off                     ;
; Synchronization Register Chain Length                                           ; 3                  ; 3                       ;
; Power Optimization During Synthesis                                             ; Normal compilation ; Normal compilation      ;
; HDL message level                                                               ; Level2             ; Level2                  ;
; Suppress Register Optimization Related Messages                                 ; Off                ; Off                     ;
; Number of Removed Registers Reported in Synthesis Report                        ; 5000               ; 5000                    ;
; Number of Swept Nodes Reported in Synthesis Report                              ; 5000               ; 5000                    ;
; Number of Inverted Registers Reported in Synthesis Report                       ; 100                ; 100                     ;
; Clock MUX Protection                                                            ; On                 ; On                      ;
; Auto Gated Clock Conversion                                                     ; Off                ; Off                     ;
; Block Design Naming                                                             ; Auto               ; Auto                    ;
; SDC constraint protection                                                       ; Off                ; Off                     ;
; Synthesis Effort                                                                ; Auto               ; Auto                    ;
; Shift Register Replacement - Allow Asynchronous Clear Signal                    ; On                 ; On                      ;
; Pre-Mapping Resynthesis Optimization                                            ; Off                ; Off                     ;
; Analysis & Synthesis Message Level                                              ; Medium             ; Medium                  ;
; Disable Register Merging Across Hierarchies                                     ; Auto               ; Auto                    ;
; Resource Aware Inference For Block RAM                                          ; On                 ; On                      ;
; Automatic Parallel Synthesis                                                    ; On                 ; On                      ;
; Partial Reconfiguration Bitstream ID                                            ; Off                ; Off                     ;
+---------------------------------------------------------------------------------+--------------------+-------------------------+


+---------------------------------+
; Analysis & Elaboration Messages ;
+---------------------------------+
Info: *******************************************************************
Info: Running Quartus Prime Analysis & Elaboration
    Info: Version 18.1.0 Build 625 09/12/2018 SJ Lite Edition
    Info: Processing started: Sun Jul 19 11:00:55 2020
Info: Command: quartus_map --read_settings_files=on --write_settings_files=off master_thesis_layer -c inverted_residual_block --analysis_and_elaboration
Warning (18236): Number of processors has not been specified which may cause overloading on shared machines.  Set the global assignment NUM_PARALLEL_PROCESSORS in your QSF to an appropriate value for best performance.
Info (20030): Parallel compilation is enabled and will use 8 of the 8 processors detected
Info (12021): Found 2 design units, including 1 entities, in source file dma.sv
    Info (12022): Found design unit 1: dma_pkg (SystemVerilog) File: D:/GitRepo/Memoire/src/Simulation_code/dma_pkg.sv Line: 5
    Info (12023): Found entity 1: DMA File: D:/GitRepo/Memoire/src/Simulation_code/DMA.sv Line: 4
Info (12021): Found 2 design units, including 1 entities, in source file testbench.sv
    Info (12022): Found design unit 1: tb_pkg (SystemVerilog) File: D:/GitRepo/Memoire/src/Simulation_code/tb_pkg.sv Line: 5
    Info (12023): Found entity 1: testbench File: D:/GitRepo/Memoire/src/Simulation_code/testbench.sv Line: 7
Info (12021): Found 0 design units, including 0 entities, in source file tb_pkg.sv
Info (12021): Found 1 design units, including 1 entities, in source file inverted_residual_block.sv
    Info (12023): Found entity 1: inverted_residual_block File: D:/GitRepo/Memoire/src/Simulation_code/inverted_residual_block.sv Line: 2
Info (12021): Found 1 design units, including 1 entities, in source file ram.sv
    Info (12023): Found entity 1: RAM File: D:/GitRepo/Memoire/src/Simulation_code/RAM.sv Line: 2
Info (12021): Found 0 design units, including 0 entities, in source file dma_pkg.sv
Info (12021): Found 1 design units, including 1 entities, in source file testbench_dma.sv
    Info (12023): Found entity 1: testbench_dma File: D:/GitRepo/Memoire/src/Simulation_code/testbench_dma.sv Line: 7
Info (12021): Found 1 design units, including 1 entities, in source file ram_fmi.sv
    Info (12023): Found entity 1: RAM_FMI File: D:/GitRepo/Memoire/src/Simulation_code/RAM_FMI.sv Line: 3
Info (12127): Elaborating entity "DMA" for the top level hierarchy
Warning (10230): Verilog HDL assignment warning at DMA.sv(189): truncated value with size 32 to match size of target (16) File: D:/GitRepo/Memoire/src/Simulation_code/DMA.sv Line: 189
Warning (10230): Verilog HDL assignment warning at DMA.sv(200): truncated value with size 32 to match size of target (11) File: D:/GitRepo/Memoire/src/Simulation_code/DMA.sv Line: 200
Warning (10230): Verilog HDL assignment warning at DMA.sv(205): truncated value with size 32 to match size of target (8) File: D:/GitRepo/Memoire/src/Simulation_code/DMA.sv Line: 205
Warning (10230): Verilog HDL assignment warning at DMA.sv(210): truncated value with size 32 to match size of target (8) File: D:/GitRepo/Memoire/src/Simulation_code/DMA.sv Line: 210
Warning (10230): Verilog HDL assignment warning at DMA.sv(211): truncated value with size 32 to match size of target (8) File: D:/GitRepo/Memoire/src/Simulation_code/DMA.sv Line: 211
Warning (10230): Verilog HDL assignment warning at DMA.sv(212): truncated value with size 32 to match size of target (8) File: D:/GitRepo/Memoire/src/Simulation_code/DMA.sv Line: 212
Warning (10230): Verilog HDL assignment warning at DMA.sv(217): truncated value with size 32 to match size of target (8) File: D:/GitRepo/Memoire/src/Simulation_code/DMA.sv Line: 217
Warning (10230): Verilog HDL assignment warning at DMA.sv(218): truncated value with size 32 to match size of target (8) File: D:/GitRepo/Memoire/src/Simulation_code/DMA.sv Line: 218
Warning (10230): Verilog HDL assignment warning at DMA.sv(219): truncated value with size 32 to match size of target (8) File: D:/GitRepo/Memoire/src/Simulation_code/DMA.sv Line: 219
Warning (10230): Verilog HDL assignment warning at DMA.sv(225): truncated value with size 32 to match size of target (16) File: D:/GitRepo/Memoire/src/Simulation_code/DMA.sv Line: 225
Warning (10230): Verilog HDL assignment warning at DMA.sv(236): truncated value with size 32 to match size of target (11) File: D:/GitRepo/Memoire/src/Simulation_code/DMA.sv Line: 236
Warning (10230): Verilog HDL assignment warning at DMA.sv(241): truncated value with size 32 to match size of target (8) File: D:/GitRepo/Memoire/src/Simulation_code/DMA.sv Line: 241
Warning (10230): Verilog HDL assignment warning at DMA.sv(246): truncated value with size 32 to match size of target (8) File: D:/GitRepo/Memoire/src/Simulation_code/DMA.sv Line: 246
Warning (10230): Verilog HDL assignment warning at DMA.sv(247): truncated value with size 32 to match size of target (8) File: D:/GitRepo/Memoire/src/Simulation_code/DMA.sv Line: 247
Warning (10230): Verilog HDL assignment warning at DMA.sv(248): truncated value with size 32 to match size of target (8) File: D:/GitRepo/Memoire/src/Simulation_code/DMA.sv Line: 248
Warning (10230): Verilog HDL assignment warning at DMA.sv(253): truncated value with size 32 to match size of target (8) File: D:/GitRepo/Memoire/src/Simulation_code/DMA.sv Line: 253
Warning (10230): Verilog HDL assignment warning at DMA.sv(254): truncated value with size 32 to match size of target (8) File: D:/GitRepo/Memoire/src/Simulation_code/DMA.sv Line: 254
Warning (10230): Verilog HDL assignment warning at DMA.sv(255): truncated value with size 32 to match size of target (8) File: D:/GitRepo/Memoire/src/Simulation_code/DMA.sv Line: 255
Warning (10230): Verilog HDL assignment warning at DMA.sv(276): truncated value with size 32 to match size of target (16) File: D:/GitRepo/Memoire/src/Simulation_code/DMA.sv Line: 276
Warning (10230): Verilog HDL assignment warning at DMA.sv(286): truncated value with size 32 to match size of target (8) File: D:/GitRepo/Memoire/src/Simulation_code/DMA.sv Line: 286
Warning (10230): Verilog HDL assignment warning at DMA.sv(287): truncated value with size 32 to match size of target (8) File: D:/GitRepo/Memoire/src/Simulation_code/DMA.sv Line: 287
Warning (10230): Verilog HDL assignment warning at DMA.sv(292): truncated value with size 32 to match size of target (11) File: D:/GitRepo/Memoire/src/Simulation_code/DMA.sv Line: 292
Warning (10762): Verilog HDL Case Statement warning at DMA.sv(316): can't check case statement for completeness because the case expression has too many possible states File: D:/GitRepo/Memoire/src/Simulation_code/DMA.sv Line: 316
Info (10041): Inferred latch for "mem_offset[0][0]" at DMA.sv(106) File: D:/GitRepo/Memoire/src/Simulation_code/DMA.sv Line: 106
Info (10041): Inferred latch for "mem_offset[0][1]" at DMA.sv(106) File: D:/GitRepo/Memoire/src/Simulation_code/DMA.sv Line: 106
Info (10041): Inferred latch for "mem_offset[0][2]" at DMA.sv(106) File: D:/GitRepo/Memoire/src/Simulation_code/DMA.sv Line: 106
Info (10041): Inferred latch for "mem_offset[0][3]" at DMA.sv(106) File: D:/GitRepo/Memoire/src/Simulation_code/DMA.sv Line: 106
Info (10041): Inferred latch for "mem_offset[0][4]" at DMA.sv(106) File: D:/GitRepo/Memoire/src/Simulation_code/DMA.sv Line: 106
Info (10041): Inferred latch for "mem_offset[0][5]" at DMA.sv(106) File: D:/GitRepo/Memoire/src/Simulation_code/DMA.sv Line: 106
Info (10041): Inferred latch for "mem_offset[0][6]" at DMA.sv(106) File: D:/GitRepo/Memoire/src/Simulation_code/DMA.sv Line: 106
Info (10041): Inferred latch for "mem_offset[0][7]" at DMA.sv(106) File: D:/GitRepo/Memoire/src/Simulation_code/DMA.sv Line: 106
Info (10041): Inferred latch for "mem_offset[0][8]" at DMA.sv(106) File: D:/GitRepo/Memoire/src/Simulation_code/DMA.sv Line: 106
Info (10041): Inferred latch for "mem_offset[0][9]" at DMA.sv(106) File: D:/GitRepo/Memoire/src/Simulation_code/DMA.sv Line: 106
Info (10041): Inferred latch for "mem_offset[0][10]" at DMA.sv(106) File: D:/GitRepo/Memoire/src/Simulation_code/DMA.sv Line: 106
Info (10041): Inferred latch for "mem_offset[0][11]" at DMA.sv(106) File: D:/GitRepo/Memoire/src/Simulation_code/DMA.sv Line: 106
Info (10041): Inferred latch for "mem_offset[0][12]" at DMA.sv(106) File: D:/GitRepo/Memoire/src/Simulation_code/DMA.sv Line: 106
Info (10041): Inferred latch for "mem_offset[0][13]" at DMA.sv(106) File: D:/GitRepo/Memoire/src/Simulation_code/DMA.sv Line: 106
Info (10041): Inferred latch for "mem_offset[0][14]" at DMA.sv(106) File: D:/GitRepo/Memoire/src/Simulation_code/DMA.sv Line: 106
Info (10041): Inferred latch for "mem_offset[0][15]" at DMA.sv(106) File: D:/GitRepo/Memoire/src/Simulation_code/DMA.sv Line: 106
Info (10041): Inferred latch for "mem_offset[0][16]" at DMA.sv(106) File: D:/GitRepo/Memoire/src/Simulation_code/DMA.sv Line: 106
Info (10041): Inferred latch for "mem_offset[0][17]" at DMA.sv(106) File: D:/GitRepo/Memoire/src/Simulation_code/DMA.sv Line: 106
Info (10041): Inferred latch for "mem_offset[0][18]" at DMA.sv(106) File: D:/GitRepo/Memoire/src/Simulation_code/DMA.sv Line: 106
Info (10041): Inferred latch for "mem_offset[0][19]" at DMA.sv(106) File: D:/GitRepo/Memoire/src/Simulation_code/DMA.sv Line: 106
Info (10041): Inferred latch for "mem_offset[0][20]" at DMA.sv(106) File: D:/GitRepo/Memoire/src/Simulation_code/DMA.sv Line: 106
Info (10041): Inferred latch for "mem_offset[0][21]" at DMA.sv(106) File: D:/GitRepo/Memoire/src/Simulation_code/DMA.sv Line: 106
Info (10041): Inferred latch for "mem_offset[0][22]" at DMA.sv(106) File: D:/GitRepo/Memoire/src/Simulation_code/DMA.sv Line: 106
Info (10041): Inferred latch for "mem_offset[0][23]" at DMA.sv(106) File: D:/GitRepo/Memoire/src/Simulation_code/DMA.sv Line: 106
Info (10041): Inferred latch for "mem_offset[0][24]" at DMA.sv(106) File: D:/GitRepo/Memoire/src/Simulation_code/DMA.sv Line: 106
Info (10041): Inferred latch for "mem_offset[0][25]" at DMA.sv(106) File: D:/GitRepo/Memoire/src/Simulation_code/DMA.sv Line: 106
Info (10041): Inferred latch for "mem_offset[0][26]" at DMA.sv(106) File: D:/GitRepo/Memoire/src/Simulation_code/DMA.sv Line: 106
Info (10041): Inferred latch for "mem_offset[0][27]" at DMA.sv(106) File: D:/GitRepo/Memoire/src/Simulation_code/DMA.sv Line: 106
Info (10041): Inferred latch for "mem_offset[0][28]" at DMA.sv(106) File: D:/GitRepo/Memoire/src/Simulation_code/DMA.sv Line: 106
Info (10041): Inferred latch for "mem_offset[0][29]" at DMA.sv(106) File: D:/GitRepo/Memoire/src/Simulation_code/DMA.sv Line: 106
Info (10041): Inferred latch for "mem_offset[0][30]" at DMA.sv(106) File: D:/GitRepo/Memoire/src/Simulation_code/DMA.sv Line: 106
Info (10041): Inferred latch for "mem_offset[0][31]" at DMA.sv(106) File: D:/GitRepo/Memoire/src/Simulation_code/DMA.sv Line: 106
Info (10041): Inferred latch for "mem_offset[2][0]" at DMA.sv(106) File: D:/GitRepo/Memoire/src/Simulation_code/DMA.sv Line: 106
Info (10041): Inferred latch for "mem_offset[2][1]" at DMA.sv(106) File: D:/GitRepo/Memoire/src/Simulation_code/DMA.sv Line: 106
Info (10041): Inferred latch for "mem_offset[2][2]" at DMA.sv(106) File: D:/GitRepo/Memoire/src/Simulation_code/DMA.sv Line: 106
Info (10041): Inferred latch for "mem_offset[2][3]" at DMA.sv(106) File: D:/GitRepo/Memoire/src/Simulation_code/DMA.sv Line: 106
Info (10041): Inferred latch for "mem_offset[2][4]" at DMA.sv(106) File: D:/GitRepo/Memoire/src/Simulation_code/DMA.sv Line: 106
Info (10041): Inferred latch for "mem_offset[2][5]" at DMA.sv(106) File: D:/GitRepo/Memoire/src/Simulation_code/DMA.sv Line: 106
Info (10041): Inferred latch for "mem_offset[2][6]" at DMA.sv(106) File: D:/GitRepo/Memoire/src/Simulation_code/DMA.sv Line: 106
Info (10041): Inferred latch for "mem_offset[2][7]" at DMA.sv(106) File: D:/GitRepo/Memoire/src/Simulation_code/DMA.sv Line: 106
Info (10041): Inferred latch for "mem_offset[2][8]" at DMA.sv(106) File: D:/GitRepo/Memoire/src/Simulation_code/DMA.sv Line: 106
Info (10041): Inferred latch for "mem_offset[2][9]" at DMA.sv(106) File: D:/GitRepo/Memoire/src/Simulation_code/DMA.sv Line: 106
Info (10041): Inferred latch for "mem_offset[2][10]" at DMA.sv(106) File: D:/GitRepo/Memoire/src/Simulation_code/DMA.sv Line: 106
Info (10041): Inferred latch for "mem_offset[2][11]" at DMA.sv(106) File: D:/GitRepo/Memoire/src/Simulation_code/DMA.sv Line: 106
Info (10041): Inferred latch for "mem_offset[2][12]" at DMA.sv(106) File: D:/GitRepo/Memoire/src/Simulation_code/DMA.sv Line: 106
Info (10041): Inferred latch for "mem_offset[2][13]" at DMA.sv(106) File: D:/GitRepo/Memoire/src/Simulation_code/DMA.sv Line: 106
Info (10041): Inferred latch for "mem_offset[2][14]" at DMA.sv(106) File: D:/GitRepo/Memoire/src/Simulation_code/DMA.sv Line: 106
Info (10041): Inferred latch for "mem_offset[2][15]" at DMA.sv(106) File: D:/GitRepo/Memoire/src/Simulation_code/DMA.sv Line: 106
Info (10041): Inferred latch for "mem_offset[2][16]" at DMA.sv(106) File: D:/GitRepo/Memoire/src/Simulation_code/DMA.sv Line: 106
Info (10041): Inferred latch for "mem_offset[2][17]" at DMA.sv(106) File: D:/GitRepo/Memoire/src/Simulation_code/DMA.sv Line: 106
Info (10041): Inferred latch for "mem_offset[2][18]" at DMA.sv(106) File: D:/GitRepo/Memoire/src/Simulation_code/DMA.sv Line: 106
Info (10041): Inferred latch for "mem_offset[2][19]" at DMA.sv(106) File: D:/GitRepo/Memoire/src/Simulation_code/DMA.sv Line: 106
Info (10041): Inferred latch for "mem_offset[2][20]" at DMA.sv(106) File: D:/GitRepo/Memoire/src/Simulation_code/DMA.sv Line: 106
Info (10041): Inferred latch for "mem_offset[2][21]" at DMA.sv(106) File: D:/GitRepo/Memoire/src/Simulation_code/DMA.sv Line: 106
Info (10041): Inferred latch for "mem_offset[2][22]" at DMA.sv(106) File: D:/GitRepo/Memoire/src/Simulation_code/DMA.sv Line: 106
Info (10041): Inferred latch for "mem_offset[2][23]" at DMA.sv(106) File: D:/GitRepo/Memoire/src/Simulation_code/DMA.sv Line: 106
Info (10041): Inferred latch for "mem_offset[2][24]" at DMA.sv(106) File: D:/GitRepo/Memoire/src/Simulation_code/DMA.sv Line: 106
Info (10041): Inferred latch for "mem_offset[2][25]" at DMA.sv(106) File: D:/GitRepo/Memoire/src/Simulation_code/DMA.sv Line: 106
Info (10041): Inferred latch for "mem_offset[2][26]" at DMA.sv(106) File: D:/GitRepo/Memoire/src/Simulation_code/DMA.sv Line: 106
Info (10041): Inferred latch for "mem_offset[2][27]" at DMA.sv(106) File: D:/GitRepo/Memoire/src/Simulation_code/DMA.sv Line: 106
Info (10041): Inferred latch for "mem_offset[2][28]" at DMA.sv(106) File: D:/GitRepo/Memoire/src/Simulation_code/DMA.sv Line: 106
Info (10041): Inferred latch for "mem_offset[2][29]" at DMA.sv(106) File: D:/GitRepo/Memoire/src/Simulation_code/DMA.sv Line: 106
Info (10041): Inferred latch for "mem_offset[2][30]" at DMA.sv(106) File: D:/GitRepo/Memoire/src/Simulation_code/DMA.sv Line: 106
Info (10041): Inferred latch for "mem_offset[2][31]" at DMA.sv(106) File: D:/GitRepo/Memoire/src/Simulation_code/DMA.sv Line: 106
Info (144001): Generated suppressed messages file D:/GitRepo/Memoire/src/Simulation_code/output_files/inverted_residual_block.map.smsg
Info: Quartus Prime Analysis & Elaboration was successful. 0 errors, 24 warnings
    Info: Peak virtual memory: 4758 megabytes
    Info: Processing ended: Sun Jul 19 11:01:07 2020
    Info: Elapsed time: 00:00:12
    Info: Total CPU time (on all processors): 00:00:29


+--------------------------------------------+
; Analysis & Elaboration Suppressed Messages ;
+--------------------------------------------+
The suppressed messages can be found in D:/GitRepo/Memoire/src/Simulation_code/output_files/inverted_residual_block.map.smsg.


